<?xml version="1.0" encoding="UTF-8"?>
<!-- Generated by org.testng.reporters.JUnitXMLReporter -->
<testsuite hostname="DESKTOP-65OKV1R" ignored="0" name="Default test" tests="4" failures="0" timestamp="05 Jul 2022 04:39:49 GMT" time="211.68" errors="0">
  <testcase name="stockitems" time="4.041" classname="testNGScripts.HomePageModule"/>
  <testcase name="customerpage" time="2.647" classname="testNGScripts.HomePageModule"/>
  <testcase name="Stockcategory" time="2.518" classname="testNGScripts.HomePageModule"/>
  <testcase name="UnitofMeasurement" time="2.796" classname="testNGScripts.HomePageModule"/>
</testsuite> <!-- Default test -->
