<?xml version="1.0" encoding="UTF-8"?>
<!-- Generated by org.testng.reporters.JUnitXMLReporter -->
<testsuite hostname="DESKTOP-65OKV1R" ignored="1" name="LoginPage Module" tests="3" failures="0" timestamp="17 Jun 2022 07:03:03 GMT" time="105.609" errors="0">
  <testcase name="TC1_ValidLogin" time="5.604" classname="testNGScripts.LoginModule"/>
  <testcase name="TC2_Logout" time="5.386" classname="testNGScripts.LoginModule"/>
  <testcase name="TC4_RESET" time="0.253" classname="testNGScripts.LoginModule"/>
  <testcase name="TC3_InvalidLogin" time="0.0" classname="testNGScripts.LoginModule">
    <ignored/>
  </testcase> <!-- TC3_InvalidLogin -->
</testsuite> <!-- LoginPage Module -->
